<?xml version="1.0" encoding="UTF-8"?>
<testsuite xmlns:xsi="http://www.w3.org/2001/XMLSchema-instance" xsi:noNamespaceSchemaLocation="https://maven.apache.org/surefire/maven-surefire-plugin/xsd/surefire-test-report-3.0.xsd" version="3.0" name="ifmt.cba.negocio.GrupoAlimentarNegocio_GrupoAlimentarDAO_IntegracaoTest" time="0.168" tests="3" errors="0" skipped="0" failures="1">
  <properties>
[...]
</properties>
  <testcase name="exclusaoGrupoAlimentar" classname="ifmt.cba.negocio.GrupoAlimentarNegocio_GrupoAlimentarDAO_IntegracaoTest" time="0.076">
    <system-out><![CDATA[Hibernate: 
    select
        g1_0.codigo,
        g1_0.nome 
    from
        grupo_alimentar g1_0 
    where
        upper(g1_0.nome) like ? escape '' 
    order by
        g1_0.nome
Hibernate: 
    insert 
    into
        grupo_alimentar
        (nome) 
    values
        (?)
Hibernate: 
    select
        p1_0.codigo,
        p1_0.custo_unidade,
        p1_0.estoque,
        p1_0.estoque_minimo,
        p1_0.id_grupo,
        p1_0.nome,
        p1_0.valor_energetico 
    from
        produto p1_0 
    where
        p1_0.id_grupo=? 
    order by
        p1_0.nome
Hibernate: 
    delete 
    from
        grupo_alimentar 
    where
        codigo=?
Hibernate: 
    select
        g1_0.codigo,
        g1_0.nome 
    from
        grupo_alimentar g1_0 
    where
        upper(g1_0.nome) like ? escape '' 
    order by
        g1_0.nome
]]></system-out>
  </testcase>
  <testcase name="inserirGrupoAlimentar" classname="ifmt.cba.negocio.GrupoAlimentarNegocio_GrupoAlimentarDAO_IntegracaoTest" time="0.07">
    <system-out><![CDATA[Proteina
Hibernate: 
    select
        g1_0.codigo,
        g1_0.nome 
    from
        grupo_alimentar g1_0 
    where
        upper(g1_0.nome) like ? escape '' 
    order by
        g1_0.nome
Hibernate: 
    insert 
    into
        grupo_alimentar
        (nome) 
    values
        (?)
Hibernate: 
    select
        g1_0.codigo,
        g1_0.nome 
    from
        grupo_alimentar g1_0 
    where
        upper(g1_0.nome) like ? escape '' 
    order by
        g1_0.nome
[{"codigo":2,"nome":"Proteina"}]
]]></system-out>
  </testcase>
  <testcase name="testeDeGrupoAlimentarNaoEncontrado" classname="ifmt.cba.negocio.GrupoAlimentarNegocio_GrupoAlimentarDAO_IntegracaoTest" time="0.016">
    <failure message="expected: &lt;true&gt; but was: &lt;false&gt;" type="org.opentest4j.AssertionFailedError"><![CDATA[org.opentest4j.AssertionFailedError: expected: <true> but was: <false>
	at org.junit.jupiter.api.AssertionFailureBuilder.build(AssertionFailureBuilder.java:151)
	at org.junit.jupiter.api.AssertionFailureBuilder.buildAndThrow(AssertionFailureBuilder.java:132)
	at org.junit.jupiter.api.AssertTrue.failNotTrue(AssertTrue.java:63)
	at org.junit.jupiter.api.AssertTrue.assertTrue(AssertTrue.java:36)
	at org.junit.jupiter.api.AssertTrue.assertTrue(AssertTrue.java:31)
	at org.junit.jupiter.api.Assertions.assertTrue(Assertions.java:179)
	at ifmt.cba.negocio.GrupoAlimentarNegocio_GrupoAlimentarDAO_IntegracaoTest.testeDeGrupoAlimentarNaoEncontrado(GrupoAlimentarNegocio_GrupoAlimentarDAO_IntegracaoTest.java:58)
	at java.base/java.lang.reflect.Method.invoke(Method.java:578)
	at java.base/java.util.ArrayList.forEach(ArrayList.java:1511)
	at java.base/java.util.ArrayList.forEach(ArrayList.java:1511)
]]></failure>
    <system-out><![CDATA[Hibernate: 
    select
        g1_0.codigo,
        g1_0.nome 
    from
        grupo_alimentar g1_0 
    where
        upper(g1_0.nome) like ? escape '' 
    order by
        g1_0.nome
]]></system-out>
  </testcase>
</testsuite>