<?xml version="1.0" encoding="UTF-8"?>
<testsuite xmlns:xsi="http://www.w3.org/2001/XMLSchema-instance" xsi:noNamespaceSchemaLocation="https://maven.apache.org/surefire/maven-surefire-plugin/xsd/surefire-test-report-3.0.xsd" version="3.0" name="ifmt.cba.negocio.EntregadorNegocio_EntregadorDAO_IntegracaoTest" time="3.432" tests="3" errors="0" skipped="0" failures="2">
  <properties>
[...]
</properties>
  <testcase name="inserirEntregador" classname="ifmt.cba.negocio.EntregadorNegocio_EntregadorDAO_IntegracaoTest" time="3.413">
    <system-out><![CDATA[Hibernate: 
    create table cardapio (
        codigo serial not null,
        descricao varchar(255),
        nome varchar(255),
        primary key (codigo)
    )
Hibernate: 
    create table cardapio_preparo_produto (
        Cardapio_codigo integer not null,
        listaPreparoProduto_codigo integer not null unique
    )
Hibernate: 
    create table cliente (
        codigo serial not null,
        bairro varchar(255) not null,
        cpf varchar(255) not null,
        logradouro varchar(255) not null,
        nome varchar(255) not null,
        numero varchar(255) not null,
        referencia varchar(255) not null,
        rg varchar(255) not null,
        telefone varchar(255) not null,
        primary key (codigo)
    )
Hibernate: 
    create table colaborador (
        codigo serial not null,
        cpf varchar(255),
        nome varchar(255),
        rg varchar(255),
        telefone varchar(255),
        primary key (codigo)
    )
Hibernate: 
    create table entregador (
        codigo serial not null,
        cpf varchar(255),
        nome varchar(255),
        rg varchar(255),
        telefone varchar(255),
        primary key (codigo)
    )
Hibernate: 
    create table grupo_alimentar (
        codigo serial not null,
        nome varchar(40),
        primary key (codigo)
    )
Hibernate: 
    create table item_ordem_producao (
        codigo serial not null,
        id_ordem integer,
        id_preparo integer,
        qtde_porcao integer,
        primary key (codigo)
    )
Hibernate: 
    create table item_pedido (
        codigo serial not null,
        id_pedido integer,
        id_preparo integer,
        qtde_porcao integer,
        primary key (codigo)
    )
Hibernate: 
    create table ordem_producao (
        cardapio_codigo integer,
        codigo serial not null,
        dataProducao date,
        estado varchar(255) check (estado in ('REGISTRADA','PROCESSADA')),
        primary key (codigo)
    )
Hibernate: 
    create table pedido (
        cliente_codigo integer,
        codigo serial not null,
        data_pedido date,
        entregador integer,
        hora_entrega time(6),
        hora_finalizado time(6),
        hora_pedido time(6),
        hora_producao time(6),
        hora_pronto time(6),
        estado varchar(255) check (estado in ('REGISTRADO','PRODUCAO','PRONTO','ENTREGA','CONCLUIDO')),
        primary key (codigo)
    )
Hibernate: 
    create table preparo_produto (
        codigo serial not null,
        id_tipo_preparo integer,
        produto integer,
        tempo_preparo integer,
        valor_preparo float4,
        nome varchar(40) not null,
        primary key (codigo)
    )
Hibernate: 
    create table produto (
        codigo serial not null,
        custo_unidade float4,
        estoque integer,
        estoque_minimo integer,
        id_grupo integer,
        valor_energetico integer,
        nome varchar(255),
        primary key (codigo)
    )
Hibernate: 
    create table tipo_preparo (
        codigo serial not null,
        descricao varchar(255),
        primary key (codigo)
    )
Hibernate: 
    alter table if exists cardapio_preparo_produto 
       add constraint FKtioj81extjmc0qkoxb40jaxhh 
       foreign key (listaPreparoProduto_codigo) 
       references preparo_produto
Hibernate: 
    alter table if exists cardapio_preparo_produto 
       add constraint FKgcgbd6slrhuhunv9wm3bidre2 
       foreign key (Cardapio_codigo) 
       references cardapio
Hibernate: 
    alter table if exists item_ordem_producao 
       add constraint FKclon8gmuu9hcnyc0caubkurwq 
       foreign key (id_preparo) 
       references preparo_produto
Hibernate: 
    alter table if exists item_ordem_producao 
       add constraint FKp7ln1mbjmk56phn32g6famr64 
       foreign key (id_ordem) 
       references ordem_producao
Hibernate: 
    alter table if exists item_pedido 
       add constraint FK69catbm4vh60h1ho1ujl27l1s 
       foreign key (id_preparo) 
       references preparo_produto
Hibernate: 
    alter table if exists item_pedido 
       add constraint FKnjghutiejefh2auj9bnpf9sp7 
       foreign key (id_pedido) 
       references pedido
Hibernate: 
    alter table if exists ordem_producao 
       add constraint FK9tk2tnrkjhwhiq50yu4wx1y1d 
       foreign key (cardapio_codigo) 
       references cardapio
Hibernate: 
    alter table if exists pedido 
       add constraint FKily4j6ymnwg9wiff282uv17wl 
       foreign key (cliente_codigo) 
       references cliente
Hibernate: 
    alter table if exists pedido 
       add constraint FKn0by3o68mfwfhfitjr9k9jopo 
       foreign key (entregador) 
       references entregador
Hibernate: 
    alter table if exists preparo_produto 
       add constraint FKbjw408v6vis5b1xhif1c7btcx 
       foreign key (produto) 
       references produto
Hibernate: 
    alter table if exists preparo_produto 
       add constraint FKig5n2ae7deq8gu23ij5c5vep9 
       foreign key (id_tipo_preparo) 
       references tipo_preparo
Hibernate: 
    alter table if exists produto 
       add constraint FK21di9cb8brmc8wkq8yyt2ttco 
       foreign key (id_grupo) 
       references grupo_alimentar
Hibernate: 
    select
        e1_0.codigo,
        e1_0.cpf,
        e1_0.rg,
        e1_0.nome,
        e1_0.telefone 
    from
        entregador e1_0 
    where
        upper(e1_0.cpf)=?
Hibernate: 
    insert 
    into
        entregador
        (cpf,rg,nome,telefone) 
    values
        (?,?,?,?)
Hibernate: 
    select
        e1_0.codigo,
        e1_0.cpf,
        e1_0.rg,
        e1_0.nome,
        e1_0.telefone 
    from
        entregador e1_0 
    where
        upper(e1_0.nome) like ? escape '' 
    order by
        e1_0.nome
]]></system-out>
    <system-err><![CDATA[dez. 18, 2023 8:43:03 AM org.hibernate.jpa.internal.util.LogHelper logPersistenceUnitInformation
INFO: HHH000204: Processing PersistenceUnitInfo [name: restaurante_teste]
dez. 18, 2023 8:43:03 AM org.hibernate.Version logVersion
INFO: HHH000412: Hibernate ORM core version 6.2.1.Final
dez. 18, 2023 8:43:03 AM org.hibernate.cfg.Environment <clinit>
INFO: HHH000406: Using bytecode reflection optimizer
dez. 18, 2023 8:43:03 AM org.hibernate.jpa.boot.internal.EntityManagerFactoryBuilderImpl lambda$normalizeConnectionAccessUserAndPass$6
WARN: HHH90000021: Encountered deprecated setting [javax.persistence.jdbc.user], use [jakarta.persistence.jdbc.user] instead
dez. 18, 2023 8:43:03 AM org.hibernate.jpa.boot.internal.EntityManagerFactoryBuilderImpl lambda$normalizeConnectionAccessUserAndPass$12
WARN: HHH90000021: Encountered deprecated setting [javax.persistence.jdbc.password], use [jakarta.persistence.jdbc.password] instead
dez. 18, 2023 8:43:03 AM org.hibernate.jpa.boot.internal.EntityManagerFactoryBuilderImpl normalizeDataAccess
WARN: HHH90000021: Encountered deprecated setting [javax.persistence.jdbc.url], use [jakarta.persistence.jdbc.url] instead
dez. 18, 2023 8:43:03 AM org.hibernate.jpa.boot.internal.EntityManagerFactoryBuilderImpl normalizeDataAccess
WARN: HHH90000021: Encountered deprecated setting [javax.persistence.jdbc.driver], use [jakarta.persistence.jdbc.driver] instead
dez. 18, 2023 8:43:03 AM org.hibernate.engine.jdbc.connections.internal.DriverManagerConnectionProviderImpl configure
WARN: HHH10001002: Using built-in connection pool (not intended for production use)
dez. 18, 2023 8:43:03 AM org.hibernate.engine.jdbc.connections.internal.DriverManagerConnectionProviderImpl buildCreator
INFO: HHH10001005: Loaded JDBC driver class: org.h2.Driver
dez. 18, 2023 8:43:03 AM org.hibernate.engine.jdbc.connections.internal.DriverManagerConnectionProviderImpl buildCreator
INFO: HHH10001012: Connecting with JDBC URL [jdbc:h2:mem:restaurante_teste]
dez. 18, 2023 8:43:03 AM org.hibernate.engine.jdbc.connections.internal.DriverManagerConnectionProviderImpl buildCreator
INFO: HHH10001001: Connection properties: {password=****, user=sa}
dez. 18, 2023 8:43:03 AM org.hibernate.engine.jdbc.connections.internal.DriverManagerConnectionProviderImpl buildCreator
INFO: HHH10001003: Autocommit mode: false
dez. 18, 2023 8:43:03 AM org.hibernate.engine.jdbc.connections.internal.DriverManagerConnectionProviderImpl$PooledConnections <init>
INFO: HHH10001115: Connection pool size: 20 (min=1)
dez. 18, 2023 8:43:03 AM org.hibernate.dialect.Dialect checkVersion
WARN: HHH000511: The 2.2.0 version for [org.hibernate.dialect.PostgreSQLDialect] is no longer supported, hence certain features may not work properly. The minimum supported version is 10.0.0. Check the community dialects project for available legacy versions.
dez. 18, 2023 8:43:03 AM org.hibernate.engine.jdbc.dialect.internal.DialectFactoryImpl logSelectedDialect
INFO: HHH000400: Using dialect: org.hibernate.dialect.PostgreSQLDialect, version: org.hibernate.engine.jdbc.env.internal.JdbcEnvironmentInitiator$DialectResolutionInfoImpl@523a7801
dez. 18, 2023 8:43:04 AM org.hibernate.bytecode.internal.BytecodeProviderInitiator buildBytecodeProvider
INFO: HHH000021: Bytecode provider name : bytebuddy
dez. 18, 2023 8:43:04 AM org.hibernate.tool.schema.spi.SchemaManagementToolCoordinator$ActionGrouping determineJpaDbActionSetting
WARN: HHH90000021: Encountered deprecated setting [javax.persistence.schema-generation.database.action], use [jakarta.persistence.schema-generation.database.action] instead
dez. 18, 2023 8:43:05 AM org.hibernate.engine.transaction.jta.platform.internal.JtaPlatformInitiator initiateService
INFO: HHH000490: Using JtaPlatform implementation: [org.hibernate.engine.transaction.jta.platform.internal.NoJtaPlatform]
dez. 18, 2023 8:43:05 AM org.hibernate.tool.schema.spi.SchemaManagementToolCoordinator$ActionGrouping determineJpaDbActionSetting
WARN: HHH90000021: Encountered deprecated setting [javax.persistence.schema-generation.database.action], use [jakarta.persistence.schema-generation.database.action] instead
dez. 18, 2023 8:43:05 AM org.hibernate.resource.transaction.backend.jdbc.internal.DdlTransactionIsolatorNonJtaImpl getIsolatedConnection
INFO: HHH10001501: Connection obtained from JdbcConnectionAccess [org.hibernate.engine.jdbc.env.internal.JdbcEnvironmentInitiator$ConnectionProviderJdbcConnectionAccess@2f0e7fa8] for (non-JTA) DDL execution was not in auto-commit mode; the Connection 'local transaction' will be committed and the Connection will be set into auto-commit mode.
dez. 18, 2023 8:43:05 AM org.hibernate.tool.schema.internal.exec.GenerationTargetToDatabase beforeScript
INFO: HHH000476: Executing script '[injected ScriptSourceInputNonExistentImpl script]'
]]></system-err>
  </testcase>
  <testcase name="exclusaoEntregador" classname="ifmt.cba.negocio.EntregadorNegocio_EntregadorDAO_IntegracaoTest" time="0.019">
    <failure message="Unexpected exception thrown: ifmt.cba.negocio.NegocioException: Ja existe esse entregador" type="org.opentest4j.AssertionFailedError"><![CDATA[org.opentest4j.AssertionFailedError: Unexpected exception thrown: ifmt.cba.negocio.NegocioException: Ja existe esse entregador
	at org.junit.jupiter.api.AssertionFailureBuilder.build(AssertionFailureBuilder.java:152)
	at org.junit.jupiter.api.AssertDoesNotThrow.createAssertionFailedError(AssertDoesNotThrow.java:84)
	at org.junit.jupiter.api.AssertDoesNotThrow.assertDoesNotThrow(AssertDoesNotThrow.java:53)
	at org.junit.jupiter.api.AssertDoesNotThrow.assertDoesNotThrow(AssertDoesNotThrow.java:36)
	at org.junit.jupiter.api.Assertions.assertDoesNotThrow(Assertions.java:3164)
	at ifmt.cba.negocio.EntregadorNegocio_EntregadorDAO_IntegracaoTest.exclusaoEntregador(EntregadorNegocio_EntregadorDAO_IntegracaoTest.java:63)
	at java.base/java.lang.reflect.Method.invoke(Method.java:578)
	at java.base/java.util.ArrayList.forEach(ArrayList.java:1511)
	at java.base/java.util.ArrayList.forEach(ArrayList.java:1511)
Caused by: ifmt.cba.negocio.NegocioException: Ja existe esse entregador
	at ifmt.cba.negocio.EntregadorNegocio.inserir(EntregadorNegocio.java:33)
	at ifmt.cba.negocio.EntregadorNegocio_EntregadorDAO_IntegracaoTest.lambda$exclusaoEntregador$10(EntregadorNegocio_EntregadorDAO_IntegracaoTest.java:64)
	at org.junit.jupiter.api.AssertDoesNotThrow.assertDoesNotThrow(AssertDoesNotThrow.java:49)
	... 6 more
]]></failure>
    <system-out><![CDATA[Hibernate: 
    select
        e1_0.codigo,
        e1_0.cpf,
        e1_0.rg,
        e1_0.nome,
        e1_0.telefone 
    from
        entregador e1_0 
    where
        upper(e1_0.cpf)=?
]]></system-out>
  </testcase>
  <testcase name="listarPorParteDeNome" classname="ifmt.cba.negocio.EntregadorNegocio_EntregadorDAO_IntegracaoTest" time="0.0">
    <failure message="Unexpected exception thrown: ifmt.cba.negocio.NegocioException: Ja existe esse entregador" type="org.opentest4j.AssertionFailedError"><![CDATA[org.opentest4j.AssertionFailedError: Unexpected exception thrown: ifmt.cba.negocio.NegocioException: Ja existe esse entregador
	at org.junit.jupiter.api.AssertionFailureBuilder.build(AssertionFailureBuilder.java:152)
	at org.junit.jupiter.api.AssertDoesNotThrow.createAssertionFailedError(AssertDoesNotThrow.java:84)
	at org.junit.jupiter.api.AssertDoesNotThrow.assertDoesNotThrow(AssertDoesNotThrow.java:53)
	at org.junit.jupiter.api.AssertDoesNotThrow.assertDoesNotThrow(AssertDoesNotThrow.java:36)
	at org.junit.jupiter.api.Assertions.assertDoesNotThrow(Assertions.java:3164)
	at ifmt.cba.negocio.EntregadorNegocio_EntregadorDAO_IntegracaoTest.listarPorParteDeNome(EntregadorNegocio_EntregadorDAO_IntegracaoTest.java:43)
	at java.base/java.lang.reflect.Method.invoke(Method.java:578)
	at java.base/java.util.ArrayList.forEach(ArrayList.java:1511)
	at java.base/java.util.ArrayList.forEach(ArrayList.java:1511)
Caused by: ifmt.cba.negocio.NegocioException: Ja existe esse entregador
	at ifmt.cba.negocio.EntregadorNegocio.inserir(EntregadorNegocio.java:33)
	at ifmt.cba.negocio.EntregadorNegocio_EntregadorDAO_IntegracaoTest.lambda$listarPorParteDeNome$6(EntregadorNegocio_EntregadorDAO_IntegracaoTest.java:44)
	at org.junit.jupiter.api.AssertDoesNotThrow.assertDoesNotThrow(AssertDoesNotThrow.java:49)
	... 6 more
]]></failure>
    <system-out><![CDATA[Hibernate: 
    select
        e1_0.codigo,
        e1_0.cpf,
        e1_0.rg,
        e1_0.nome,
        e1_0.telefone 
    from
        entregador e1_0 
    where
        upper(e1_0.cpf)=?
]]></system-out>
  </testcase>
</testsuite>